21:43:31 - --- SUBATHON SERVICE GESTARTET ---
21:52:09 - Timer-Log erfolgreich initialisiert.
22:06:11 - EVENT: Chat -> +0.3s
22:06:11 - EVENT: Chat -> +0.3s
22:06:11 - EVENT: Chat -> +0.3s
22:06:11 - EVENT: Chat -> +0.3s
22:06:11 - EVENT: Chat -> +0.3s
22:06:11 - EVENT: Chat -> +0.3s
22:06:11 - EVENT: Chat -> +0.3s
22:06:11 - EVENT: Chat -> +0.3s
22:06:11 - EVENT: Chat -> +0.3s
22:06:11 - EVENT: Chat -> +0.3s
22:06:11 - EVENT: Chat -> +0.3s
22:06:11 - EVENT: Chat -> +0.3s
22:06:34 - EVENT: Gift (5) -> +2.0s
22:06:49 - EVENT: 4 Likes -> +0.24s
22:06:54 - EVENT: 15 Likes -> +0.8999999999999999s
22:06:57 - EVENT: 15 Likes -> +0.8999999999999999s
22:07:00 - EVENT: 10 Likes -> +0.6s
22:07:08 - EVENT: 13 Likes -> +0.78s
22:07:12 - EVENT: 2 Likes -> +0.12s
22:07:21 - EVENT: 13 Likes -> +0.78s
22:07:23 - EVENT: Chat -> +0.3s
22:07:24 - EVENT: 15 Likes -> +0.8999999999999999s
22:07:27 - EVENT: 12 Likes -> +0.72s
22:07:28 - EVENT: 15 Likes -> +0.8999999999999999s
22:07:31 - EVENT: 15 Likes -> +0.8999999999999999s
22:07:33 - EVENT: 15 Likes -> +0.8999999999999999s
22:07:36 - EVENT: Chat -> +0.3s
22:07:37 - EVENT: 15 Likes -> +0.8999999999999999s
22:07:39 - EVENT: 15 Likes -> +0.8999999999999999s
22:07:42 - EVENT: 15 Likes -> +0.8999999999999999s
22:07:45 - EVENT: 15 Likes -> +0.8999999999999999s
22:07:47 - EVENT: Chat -> +0.3s
22:07:48 - EVENT: 15 Likes -> +0.8999999999999999s
22:07:51 - EVENT: 15 Likes -> +0.8999999999999999s
22:07:54 - EVENT: 15 Likes -> +0.8999999999999999s
22:07:55 - EVENT: 10 Likes -> +0.6s
22:07:57 - EVENT: 15 Likes -> +0.8999999999999999s
22:07:59 - EVENT: 8 Likes -> +0.48s
22:08:00 - EVENT: 14 Likes -> +0.84s
22:08:02 - EVENT: 6 Likes -> +0.36s
22:08:09 - Timer-Log erfolgreich initialisiert.
22:08:15 - EVENT: Chat -> +0.3s
22:08:15 - EVENT: Chat -> +0.3s
22:08:15 - EVENT: Chat -> +0.3s
22:08:15 - EVENT: Chat -> +0.3s
22:08:15 - EVENT: Chat -> +0.3s
22:08:15 - EVENT: 15 Likes -> +0.8999999999999999s
22:08:15 - EVENT: Chat -> +0.3s
22:08:15 - EVENT: Chat -> +0.3s
22:08:15 - EVENT: Chat -> +0.3s
22:08:15 - EVENT: Chat -> +0.3s
22:08:15 - EVENT: Chat -> +0.3s
22:08:16 - EVENT: 15 Likes -> +0.8999999999999999s
22:08:20 - EVENT: 15 Likes -> +0.8999999999999999s
22:08:22 - EVENT: 15 Likes -> +0.8999999999999999s
22:08:25 - EVENT: 15 Likes -> +0.8999999999999999s
22:08:29 - EVENT: 15 Likes -> +0.8999999999999999s
22:08:32 - EVENT: 15 Likes -> +0.8999999999999999s
22:08:35 - EVENT: 9 Likes -> +0.54s
22:08:35 - EVENT: 15 Likes -> +0.8999999999999999s
22:08:38 - EVENT: Gift (5) -> +2.0s
22:08:39 - EVENT: 15 Likes -> +0.8999999999999999s
22:08:42 - EVENT: 15 Likes -> +0.8999999999999999s
22:08:45 - EVENT: 15 Likes -> +0.8999999999999999s
22:08:49 - EVENT: 15 Likes -> +0.8999999999999999s
22:08:50 - EVENT: Share -> +0.1s
22:08:51 - EVENT: 15 Likes -> +0.8999999999999999s
22:08:53 - EVENT: Chat -> +0.3s
22:08:55 - EVENT: 12 Likes -> +0.72s
22:08:58 - EVENT: 15 Likes -> +0.8999999999999999s
22:09:01 - EVENT: 15 Likes -> +0.8999999999999999s
22:09:05 - EVENT: 15 Likes -> +0.8999999999999999s
22:09:08 - EVENT: 15 Likes -> +0.8999999999999999s
22:09:11 - EVENT: 15 Likes -> +0.8999999999999999s
22:09:14 - EVENT: 15 Likes -> +0.8999999999999999s
17:27:27 - --- SUBATHON SERVICE GESTARTET ---
17:29:19 - --- SUBATHON SERVICE GESTARTET ---
17:31:24 - EVENT: Gift (1 Coins) -> +0.4s
17:31:30 - EVENT: Gift (1 Coins) -> +0.4s
17:31:43 - EVENT: Gift (1 Coins) -> +0.4s
17:31:49 - EVENT: Gift (99 Coins) -> +39.6s
17:31:49 - EVENT: Gift (1 Coins) -> +0.4s
17:32:08 - EVENT: 15 Likes -> +0.8999999999999999s
17:32:12 - EVENT: 15 Likes -> +0.8999999999999999s
17:32:14 - EVENT: 15 Likes -> +0.8999999999999999s
17:32:17 - EVENT: 15 Likes -> +0.8999999999999999s
17:32:20 - EVENT: 15 Likes -> +0.8999999999999999s
17:32:24 - EVENT: 15 Likes -> +0.8999999999999999s
17:32:28 - EVENT: 15 Likes -> +0.8999999999999999s
17:32:30 - EVENT: 15 Likes -> +0.8999999999999999s
17:32:34 - EVENT: 15 Likes -> +0.8999999999999999s
17:32:37 - EVENT: 13 Likes -> +0.78s
17:33:20 - EVENT: 15 Likes -> +0.8999999999999999s
17:33:22 - EVENT: 15 Likes -> +0.8999999999999999s
17:33:25 - EVENT: 15 Likes -> +0.8999999999999999s
17:33:28 - EVENT: 10 Likes -> +0.6s
17:38:43 - --- SUBATHON SERVICE GESTARTET ---
